Apache Maven 3.9.11 (3e54c93a704957b63ee3494413a2b544fd3d825b)
Maven home: /opt/homebrew/Cellar/maven/3.9.11/libexec
Java version: 11.0.27, vendor: Homebrew, runtime: /opt/homebrew/Cellar/openjdk@11/11.0.27/libexec/openjdk.jdk/Contents/Home
Default locale: zh_TW_#Hant, platform encoding: UTF-8
OS name: "mac os x", version: "15.5", arch: "aarch64", family: "mac"
[DEBUG] Created new class realm maven.api
[DEBUG] Importing foreign packages into class realm maven.api
[DEBUG]   Imported: javax.annotation.* < plexus.core
[DEBUG]   Imported: javax.annotation.security.* < plexus.core
[DEBUG]   Imported: javax.inject.* < plexus.core
[DEBUG]   Imported: org.apache.maven.* < plexus.core
[DEBUG]   Imported: org.apache.maven.artifact < plexus.core
[DEBUG]   Imported: org.apache.maven.classrealm < plexus.core
[DEBUG]   Imported: org.apache.maven.cli < plexus.core
[DEBUG]   Imported: org.apache.maven.configuration < plexus.core
[DEBUG]   Imported: org.apache.maven.exception < plexus.core
[DEBUG]   Imported: org.apache.maven.execution < plexus.core
[DEBUG]   Imported: org.apache.maven.execution.scope < plexus.core
[DEBUG]   Imported: org.apache.maven.graph < plexus.core
[DEBUG]   Imported: org.apache.maven.lifecycle < plexus.core
[DEBUG]   Imported: org.apache.maven.model < plexus.core
[DEBUG]   Imported: org.apache.maven.monitor < plexus.core
[DEBUG]   Imported: org.apache.maven.plugin < plexus.core
[DEBUG]   Imported: org.apache.maven.profiles < plexus.core
[DEBUG]   Imported: org.apache.maven.project < plexus.core
[DEBUG]   Imported: org.apache.maven.reporting < plexus.core
[DEBUG]   Imported: org.apache.maven.repository < plexus.core
[DEBUG]   Imported: org.apache.maven.rtinfo < plexus.core
[DEBUG]   Imported: org.apache.maven.settings < plexus.core
[DEBUG]   Imported: org.apache.maven.toolchain < plexus.core
[DEBUG]   Imported: org.apache.maven.usability < plexus.core
[DEBUG]   Imported: org.apache.maven.wagon.* < plexus.core
[DEBUG]   Imported: org.apache.maven.wagon.authentication < plexus.core
[DEBUG]   Imported: org.apache.maven.wagon.authorization < plexus.core
[DEBUG]   Imported: org.apache.maven.wagon.events < plexus.core
[DEBUG]   Imported: org.apache.maven.wagon.observers < plexus.core
[DEBUG]   Imported: org.apache.maven.wagon.proxy < plexus.core
[DEBUG]   Imported: org.apache.maven.wagon.repository < plexus.core
[DEBUG]   Imported: org.apache.maven.wagon.resource < plexus.core
[DEBUG]   Imported: org.codehaus.classworlds < plexus.core
[DEBUG]   Imported: org.codehaus.plexus.* < plexus.core
[DEBUG]   Imported: org.codehaus.plexus.classworlds < plexus.core
[DEBUG]   Imported: org.codehaus.plexus.component < plexus.core
[DEBUG]   Imported: org.codehaus.plexus.configuration < plexus.core
[DEBUG]   Imported: org.codehaus.plexus.container < plexus.core
[DEBUG]   Imported: org.codehaus.plexus.context < plexus.core
[DEBUG]   Imported: org.codehaus.plexus.lifecycle < plexus.core
[DEBUG]   Imported: org.codehaus.plexus.logging < plexus.core
[DEBUG]   Imported: org.codehaus.plexus.personality < plexus.core
[DEBUG]   Imported: org.codehaus.plexus.util.xml.Xpp3Dom < plexus.core
[DEBUG]   Imported: org.codehaus.plexus.util.xml.pull.XmlPullParser < plexus.core
[DEBUG]   Imported: org.codehaus.plexus.util.xml.pull.XmlPullParserException < plexus.core
[DEBUG]   Imported: org.codehaus.plexus.util.xml.pull.XmlSerializer < plexus.core
[DEBUG]   Imported: org.eclipse.aether.* < plexus.core
[DEBUG]   Imported: org.eclipse.aether.artifact < plexus.core
[DEBUG]   Imported: org.eclipse.aether.collection < plexus.core
[DEBUG]   Imported: org.eclipse.aether.deployment < plexus.core
[DEBUG]   Imported: org.eclipse.aether.graph < plexus.core
[DEBUG]   Imported: org.eclipse.aether.impl < plexus.core
[DEBUG]   Imported: org.eclipse.aether.installation < plexus.core
[DEBUG]   Imported: org.eclipse.aether.internal.impl < plexus.core
[DEBUG]   Imported: org.eclipse.aether.metadata < plexus.core
[DEBUG]   Imported: org.eclipse.aether.repository < plexus.core
[DEBUG]   Imported: org.eclipse.aether.resolution < plexus.core
[DEBUG]   Imported: org.eclipse.aether.spi < plexus.core
[DEBUG]   Imported: org.eclipse.aether.transfer < plexus.core
[DEBUG]   Imported: org.eclipse.aether.util < plexus.core
[DEBUG]   Imported: org.eclipse.aether.version < plexus.core
[DEBUG]   Imported: org.fusesource.jansi.* < plexus.core
[DEBUG]   Imported: org.slf4j.* < plexus.core
[DEBUG]   Imported: org.slf4j.event.* < plexus.core
[DEBUG]   Imported: org.slf4j.helpers.* < plexus.core
[DEBUG]   Imported: org.slf4j.spi.* < plexus.core
[DEBUG] Populating class realm maven.api
[DEBUG] Created adapter factory; available factories [file-lock, rwlock-local, semaphore-local, noop]; available name mappers [discriminating, file-gav, file-hgav, file-static, gav, static]
[INFO] Error stacktraces are turned on.
[DEBUG] Message scheme: color
[DEBUG] Message styles: debug info warning error success failure strong mojo project
[DEBUG] Reading global settings from /opt/homebrew/Cellar/maven/3.9.11/libexec/conf/settings.xml
[DEBUG] Reading user settings from /Users/yeqilin/.m2/settings.xml
[DEBUG] Reading global toolchains from /opt/homebrew/Cellar/maven/3.9.11/libexec/conf/toolchains.xml
[DEBUG] Reading user toolchains from /Users/yeqilin/.m2/toolchains.xml
[DEBUG] Using local repository at /Users/yeqilin/.m2/repository
[DEBUG] Using manager EnhancedLocalRepositoryManager with priority 10.0 for /Users/yeqilin/.m2/repository
[INFO] Scanning for projects...
[DEBUG] Extension realms for project com.bulletinboard:bulletin-board-system:war:1.0.0: (none)
[DEBUG] Looking up lifecycle mappings for packaging war from ClassRealm[plexus.core, parent: null]
[DEBUG] Resolving plugin prefix cargo from [org.apache.maven.plugins, org.codehaus.mojo]
[DEBUG] Creating adapter using nameMapper 'gav' and factory 'rwlock-local'
[DEBUG] Resolved plugin prefix cargo to org.codehaus.cargo:cargo-maven3-plugin from POM com.bulletinboard:bulletin-board-system:war:1.0.0
[DEBUG] === REACTOR BUILD PLAN ================================================
[DEBUG] Project: com.bulletinboard:bulletin-board-system:war:1.0.0
[DEBUG] Tasks:   [cargo:run]
[DEBUG] Style:   Regular
[DEBUG] =======================================================================
[INFO] 
[INFO] --------------< com.bulletinboard:bulletin-board-system >---------------
[INFO] Building Bulletin Board System 1.0.0
[INFO]   from pom.xml
[INFO] --------------------------------[ war ]---------------------------------
[DEBUG] Resolving plugin prefix cargo from [org.apache.maven.plugins, org.codehaus.mojo]
[DEBUG] Resolved plugin prefix cargo to org.codehaus.cargo:cargo-maven3-plugin from POM com.bulletinboard:bulletin-board-system:war:1.0.0
[DEBUG] Lifecycle clean -> [pre-clean, clean, post-clean]
[DEBUG] Lifecycle default -> [validate, initialize, generate-sources, process-sources, generate-resources, process-resources, compile, process-classes, generate-test-sources, process-test-sources, generate-test-resources, process-test-resources, test-compile, process-test-classes, test, prepare-package, package, pre-integration-test, integration-test, post-integration-test, verify, install, deploy]
[DEBUG] Lifecycle site -> [pre-site, site, post-site, site-deploy]
[DEBUG] === PROJECT BUILD PLAN ================================================
[DEBUG] Project:       com.bulletinboard:bulletin-board-system:1.0.0
[DEBUG] Dependencies (collect): []
[DEBUG] Dependencies (resolve): [test]
[DEBUG] Repositories (dependencies): [central (https://repo.maven.apache.org/maven2, default, releases)]
[DEBUG] Repositories (plugins)     : [central (https://repo.maven.apache.org/maven2, default, releases)]
[DEBUG] -----------------------------------------------------------------------
[DEBUG] Goal:          org.codehaus.cargo:cargo-maven3-plugin:1.10.10:run (default-cli)
[DEBUG] Style:         Regular
[DEBUG] Configuration: <?xml version="1.0" encoding="UTF-8"?>
<configuration>
  <configuration>
    <properties>
      <cargo.servlet.port>8080</cargo.servlet.port>
    </properties>
  </configuration>
  <container>
    <containerId>tomcat9x</containerId>
    <type>embedded</type>
  </container>
  <containerId>${cargo.maven.containerId}</containerId>
  <containerUrl>${cargo.maven.containerUrl}</containerUrl>
  <deployables>
    <deployable>
      <groupId>com.bulletinboard</groupId>
      <artifactId>bulletin-board-system</artifactId>
      <type>war</type>
      <properties>
        <context>/bulletin-board</context>
      </properties>
    </deployable>
  </deployables>
  <ignoreFailures default-value="false">${cargo.ignore.failures}</ignoreFailures>
  <pluginVersion>${plugin.version}</pluginVersion>
  <project>${project}</project>
  <projectBuildingRequest default-value="${session.projectBuildingRequest}"/>
  <settings>${settings}</settings>
  <skip default-value="false">${cargo.maven.skip}</skip>
</configuration>
[DEBUG] =======================================================================
[DEBUG] Using mirror maven-default-http-blocker (http://0.0.0.0/) for releases.java.net (http://maven.java.net/content/repositories/releases/).
[DEBUG] Using mirror maven-default-http-blocker (http://0.0.0.0/) for shapshots.java.net (http://maven.java.net/content/repositories/snapshots/).
[DEBUG] Using mirror maven-default-http-blocker (http://0.0.0.0/) for jvnet-nexus-staging (http://maven.java.net/content/repositories/staging/).
[DEBUG] Using mirror maven-default-http-blocker (http://0.0.0.0/) for netbeans (http://bits.netbeans.org/nexus/content/groups/netbeans).
[DEBUG] Using mirror maven-default-http-blocker (http://0.0.0.0/) for apache.snapshots (http://repository.apache.org/snapshots).
[DEBUG] Dependency collection stats {ConflictMarker.analyzeTime=334333, ConflictMarker.markTime=59083, ConflictMarker.nodeCount=63, ConflictIdSorter.graphTime=152041, ConflictIdSorter.topsortTime=97334, ConflictIdSorter.conflictIdCount=39, ConflictIdSorter.conflictIdCycleCount=0, ConflictResolver.totalTime=2104666, ConflictResolver.conflictItemCount=61, DfDependencyCollector.collectTime=158994500, DfDependencyCollector.transformTime=3607875}
[DEBUG] com.bulletinboard:bulletin-board-system:war:1.0.0
[DEBUG]    org.springframework:spring-webmvc:jar:5.3.21:compile
[DEBUG]       org.springframework:spring-aop:jar:5.3.21:compile
[DEBUG]       org.springframework:spring-beans:jar:5.3.21:compile
[DEBUG]       org.springframework:spring-context:jar:5.3.21:compile
[DEBUG]       org.springframework:spring-core:jar:5.3.21:compile
[DEBUG]          org.springframework:spring-jcl:jar:5.3.21:compile
[DEBUG]       org.springframework:spring-expression:jar:5.3.21:compile
[DEBUG]       org.springframework:spring-web:jar:5.3.21:compile
[DEBUG]    org.springframework:spring-orm:jar:5.3.21:compile
[DEBUG]       org.springframework:spring-jdbc:jar:5.3.21:compile
[DEBUG]       org.springframework:spring-tx:jar:5.3.21:compile
[DEBUG]    org.hibernate:hibernate-core:jar:5.6.9.Final:compile
[DEBUG]       org.jboss.logging:jboss-logging:jar:3.4.3.Final:compile
[DEBUG]       javax.persistence:javax.persistence-api:jar:2.2:compile
[DEBUG]       net.bytebuddy:byte-buddy:jar:1.12.9:compile
[DEBUG]       antlr:antlr:jar:2.7.7:compile
[DEBUG]       org.jboss.spec.javax.transaction:jboss-transaction-api_1.2_spec:jar:1.1.1.Final:compile
[DEBUG]       org.jboss:jandex:jar:2.4.2.Final:compile
[DEBUG]       com.fasterxml:classmate:jar:1.5.1:compile
[DEBUG]       javax.activation:javax.activation-api:jar:1.2.0:compile
[DEBUG]       org.hibernate.common:hibernate-commons-annotations:jar:5.1.2.Final:compile
[DEBUG]       javax.xml.bind:jaxb-api:jar:2.3.1:compile
[DEBUG]       org.glassfish.jaxb:jaxb-runtime:jar:2.3.1:compile
[DEBUG]          org.glassfish.jaxb:txw2:jar:2.3.1:compile
[DEBUG]          com.sun.istack:istack-commons-runtime:jar:3.0.7:compile
[DEBUG]          org.jvnet.staxex:stax-ex:jar:1.8:compile
[DEBUG]          com.sun.xml.fastinfoset:FastInfoset:jar:1.2.15:compile
[DEBUG]    mysql:mysql-connector-java:jar:8.0.29:compile
[DEBUG]       com.google.protobuf:protobuf-java:jar:3.19.4:compile
[DEBUG]    com.mchange:c3p0:jar:0.9.5.5:compile
[DEBUG]       com.mchange:mchange-commons-java:jar:0.2.19:compile
[DEBUG]    javax.servlet:javax.servlet-api:jar:4.0.1:provided
[DEBUG]    javax.servlet.jsp:javax.servlet.jsp-api:jar:2.3.3:provided
[DEBUG]    javax.servlet:jstl:jar:1.2:compile
[DEBUG]    com.fasterxml.jackson.core:jackson-databind:jar:2.13.3:compile
[DEBUG]       com.fasterxml.jackson.core:jackson-annotations:jar:2.13.3:compile
[DEBUG]       com.fasterxml.jackson.core:jackson-core:jar:2.13.3:compile
[DEBUG]    commons-fileupload:commons-fileupload:jar:1.4:compile
[DEBUG]    commons-io:commons-io:jar:2.11.0:compile
[INFO] 
[INFO] --- cargo:1.10.10:run (default-cli) @ bulletin-board-system ---
[DEBUG] Using mirror maven-default-http-blocker (http://0.0.0.0/) for apache-snapshots (http://people.apache.org/repo/m2-snapshot-repository).
[DEBUG] Using mirror maven-default-http-blocker (http://0.0.0.0/) for apache-incubator (http://people.apache.org/repo/m2-incubating-repository/).
[DEBUG] Using mirror maven-default-http-blocker (http://0.0.0.0/) for codehaus (http://repository.codehaus.org).
[DEBUG] Using mirror maven-default-http-blocker (http://0.0.0.0/) for codehaus-snapshots (http://snapshots.repository.codehaus.org).
[DEBUG] Using mirror maven-default-http-blocker (http://0.0.0.0/) for apache.snapshots (http://people.apache.org/repo/m2-snapshot-repository).
[DEBUG] Dependency collection stats {ConflictMarker.analyzeTime=142750, ConflictMarker.markTime=86583, ConflictMarker.nodeCount=124, ConflictIdSorter.graphTime=69208, ConflictIdSorter.topsortTime=19709, ConflictIdSorter.conflictIdCount=54, ConflictIdSorter.conflictIdCycleCount=0, ConflictResolver.totalTime=1025125, ConflictResolver.conflictItemCount=106, DfDependencyCollector.collectTime=242362750, DfDependencyCollector.transformTime=1358458}
[DEBUG] org.codehaus.cargo:cargo-maven3-plugin:jar:1.10.10
[DEBUG]    org.apache.maven:maven-archiver:jar:3.6.1:compile
[DEBUG]       org.codehaus.plexus:plexus-interpolation:jar:1.26:compile
[DEBUG]    org.apache.maven.shared:maven-artifact-transfer:jar:0.13.1:compile
[DEBUG]       org.apache.maven:maven-core:jar:3.0:compile (version managed from default)
[DEBUG]          org.apache.maven:maven-model:jar:3.0:compile (version managed from default)
[DEBUG]          org.apache.maven:maven-settings:jar:3.0:compile (version managed from default)
[DEBUG]          org.apache.maven:maven-settings-builder:jar:3.0:compile
[DEBUG]          org.apache.maven:maven-repository-metadata:jar:3.0:compile
[DEBUG]          org.apache.maven:maven-plugin-api:jar:3.0:compile (version managed from default)
[DEBUG]          org.apache.maven:maven-model-builder:jar:3.0:compile
[DEBUG]          org.apache.maven:maven-aether-provider:jar:3.0:runtime
[DEBUG]          org.sonatype.aether:aether-impl:jar:1.7:compile
[DEBUG]             org.sonatype.aether:aether-spi:jar:1.7:compile
[DEBUG]          org.sonatype.aether:aether-api:jar:1.7:compile
[DEBUG]          org.sonatype.aether:aether-util:jar:1.7:compile
[DEBUG]          org.sonatype.sisu:sisu-inject-plexus:jar:1.4.2:compile
[DEBUG]             org.sonatype.sisu:sisu-inject-bean:jar:1.4.2:compile
[DEBUG]                org.sonatype.sisu:sisu-guice:jar:noaop:2.1.7:compile
[DEBUG]          org.codehaus.plexus:plexus-classworlds:jar:2.2.3:compile
[DEBUG]          org.sonatype.plexus:plexus-sec-dispatcher:jar:1.3:compile
[DEBUG]             org.sonatype.plexus:plexus-cipher:jar:1.4:compile
[DEBUG]       org.apache.maven:maven-artifact:jar:3.0:compile (version managed from default)
[DEBUG]       org.codehaus.plexus:plexus-component-annotations:jar:2.0.0:compile
[DEBUG]       org.apache.maven.shared:maven-common-artifact-filters:jar:3.1.0:compile
[DEBUG]          org.apache.maven.shared:maven-shared-utils:jar:3.1.0:compile
[DEBUG]       org.slf4j:slf4j-api:jar:1.7.5:compile
[DEBUG]    org.codehaus.plexus:plexus-archiver:jar:4.8.0:compile
[DEBUG]       javax.inject:javax.inject:jar:1:compile
[DEBUG]       org.codehaus.plexus:plexus-io:jar:3.4.1:compile
[DEBUG]       commons-io:commons-io:jar:2.14.0:compile (version managed from default)
[DEBUG]       org.apache.commons:commons-compress:jar:1.24.0:compile (version managed from default)
[DEBUG]       org.iq80.snappy:snappy:jar:0.4:compile
[DEBUG]       org.tukaani:xz:jar:1.9:compile (version managed from default)
[DEBUG]       com.github.luben:zstd-jni:jar:1.5.5-5:runtime
[DEBUG]    org.codehaus.plexus:plexus-utils:jar:4.0.0:compile
[DEBUG]    org.codehaus.plexus:plexus-xml:jar:4.0.2:compile
[DEBUG]       org.apache.maven:maven-xml-impl:jar:4.0.0-alpha-7:compile
[DEBUG]          org.apache.maven:maven-api-xml:jar:4.0.0-alpha-7:compile
[DEBUG]             org.apache.maven:maven-api-meta:jar:4.0.0-alpha-7:compile
[DEBUG]    org.codehaus.cargo:cargo-core-api-generic:jar:1.10.10:compile
[DEBUG]       commons-discovery:commons-discovery:jar:0.5:compile (version managed from default)
[DEBUG]          commons-logging:commons-logging:jar:1.2:compile (version managed from default)
[DEBUG]       org.codehaus.cargo:cargo-core-api-container:jar:1.10.10:compile (version managed from default)
[DEBUG]          net.java.dev.jna:jna-platform:jar:5.13.0:compile (version managed from default)
[DEBUG]             net.java.dev.jna:jna:jar:5.13.0:compile
[DEBUG]          org.codehaus.cargo:cargo-core-api-module:jar:1.10.10:compile (version managed from default)
[DEBUG]             jaxen:jaxen:jar:2.0.0:compile (version managed from default)
[DEBUG]             org.jdom:jdom2:jar:2.0.6.1:compile (version managed from default)
[DEBUG]          org.apache.geronimo.specs:geronimo-j2ee-deployment_1.1_spec:jar:1.1:compile (version managed from default)
[DEBUG]    org.codehaus.cargo:cargo-licensed-dtds:jar:1.10.10:compile
[DEBUG]    org.codehaus.cargo:cargo-documentation:jar:1.10.10:compile
[DEBUG]    org.codehaus.cargo:cargo-daemon-client:jar:1.10.10:compile
[DEBUG]       org.codehaus.cargo:cargo-core-api-util:jar:1.10.10:compile (version managed from default)
[DEBUG] Created new class realm plugin>org.codehaus.cargo:cargo-maven3-plugin:1.10.10
[DEBUG] Importing foreign packages into class realm plugin>org.codehaus.cargo:cargo-maven3-plugin:1.10.10
[DEBUG]   Imported:  < maven.api
[DEBUG] Populating class realm plugin>org.codehaus.cargo:cargo-maven3-plugin:1.10.10
[DEBUG]   Included: org.codehaus.cargo:cargo-maven3-plugin:jar:1.10.10
[DEBUG]   Included: org.apache.maven:maven-archiver:jar:3.6.1
[DEBUG]   Included: org.codehaus.plexus:plexus-interpolation:jar:1.26
[DEBUG]   Included: org.apache.maven.shared:maven-artifact-transfer:jar:0.13.1
[DEBUG]   Included: org.sonatype.aether:aether-util:jar:1.7
[DEBUG]   Included: org.sonatype.sisu:sisu-inject-bean:jar:1.4.2
[DEBUG]   Included: org.sonatype.sisu:sisu-guice:jar:noaop:2.1.7
[DEBUG]   Included: org.sonatype.plexus:plexus-sec-dispatcher:jar:1.3
[DEBUG]   Included: org.sonatype.plexus:plexus-cipher:jar:1.4
[DEBUG]   Included: org.codehaus.plexus:plexus-component-annotations:jar:2.0.0
[DEBUG]   Included: org.apache.maven.shared:maven-common-artifact-filters:jar:3.1.0
[DEBUG]   Included: org.apache.maven.shared:maven-shared-utils:jar:3.1.0
[DEBUG]   Included: org.codehaus.plexus:plexus-archiver:jar:4.8.0
[DEBUG]   Included: org.codehaus.plexus:plexus-io:jar:3.4.1
[DEBUG]   Included: commons-io:commons-io:jar:2.14.0
[DEBUG]   Included: org.apache.commons:commons-compress:jar:1.24.0
[DEBUG]   Included: org.iq80.snappy:snappy:jar:0.4
[DEBUG]   Included: org.tukaani:xz:jar:1.9
[DEBUG]   Included: com.github.luben:zstd-jni:jar:1.5.5-5
[DEBUG]   Included: org.codehaus.plexus:plexus-utils:jar:4.0.0
[DEBUG]   Included: org.codehaus.plexus:plexus-xml:jar:4.0.2
[DEBUG]   Included: org.apache.maven:maven-xml-impl:jar:4.0.0-alpha-7
[DEBUG]   Included: org.apache.maven:maven-api-xml:jar:4.0.0-alpha-7
[DEBUG]   Included: org.apache.maven:maven-api-meta:jar:4.0.0-alpha-7
[DEBUG]   Included: org.codehaus.cargo:cargo-core-api-generic:jar:1.10.10
[DEBUG]   Included: commons-discovery:commons-discovery:jar:0.5
[DEBUG]   Included: commons-logging:commons-logging:jar:1.2
[DEBUG]   Included: org.codehaus.cargo:cargo-core-api-container:jar:1.10.10
[DEBUG]   Included: net.java.dev.jna:jna-platform:jar:5.13.0
[DEBUG]   Included: net.java.dev.jna:jna:jar:5.13.0
[DEBUG]   Included: org.codehaus.cargo:cargo-core-api-module:jar:1.10.10
[DEBUG]   Included: jaxen:jaxen:jar:2.0.0
[DEBUG]   Included: org.jdom:jdom2:jar:2.0.6.1
[DEBUG]   Included: org.apache.geronimo.specs:geronimo-j2ee-deployment_1.1_spec:jar:1.1
[DEBUG]   Included: org.codehaus.cargo:cargo-licensed-dtds:jar:1.10.10
[DEBUG]   Included: org.codehaus.cargo:cargo-documentation:jar:1.10.10
[DEBUG]   Included: org.codehaus.cargo:cargo-daemon-client:jar:1.10.10
[DEBUG]   Included: org.codehaus.cargo:cargo-core-api-util:jar:1.10.10
[DEBUG] Loading mojo org.codehaus.cargo:cargo-maven3-plugin:1.10.10:run from plugin realm ClassRealm[plugin>org.codehaus.cargo:cargo-maven3-plugin:1.10.10, parent: jdk.internal.loader.ClassLoaders$AppClassLoader@255316f2]
[DEBUG] Configuring mojo execution 'org.codehaus.cargo:cargo-maven3-plugin:1.10.10:run:default-cli' with basic configurator -->
[DEBUG]   (s) properties = {cargo.servlet.port=8080}
[DEBUG]   (f) configuration = org.codehaus.cargo.maven3.configuration.Configuration@10c47c79
[DEBUG]   (s) containerId = tomcat9x
[DEBUG]   (s) type = embedded
[DEBUG]   (f) container = org.codehaus.cargo.maven3.configuration.Container@71adfedd
[DEBUG]   (s) groupId = com.bulletinboard
[DEBUG]   (s) artifactId = bulletin-board-system
[DEBUG]   (s) type = war
[DEBUG]   (s) properties = {context=/bulletin-board}
[DEBUG]   (f) deployables = [AbstractDependency{ groupId=com.bulletinboard, artifactId=bulletin-board-system, type=war, classifier=null }]
[DEBUG]   (s) ignoreFailures = false
[DEBUG]   (f) pluginVersion = 1.10.10
[DEBUG]   (f) project = MavenProject: com.bulletinboard:bulletin-board-system:1.0.0 @ /Users/yeqilin/專案/Bulletin Board/pom.xml
[DEBUG]   (f) projectBuildingRequest = org.apache.maven.project.DefaultProjectBuildingRequest@14924f41
[DEBUG]   (f) settings = org.apache.maven.execution.SettingsAdapter@493da830
[DEBUG]   (f) skip = false
[DEBUG] -- end configuration --
[DEBUG] Dependency collection stats {ConflictMarker.analyzeTime=36667, ConflictMarker.markTime=26083, ConflictMarker.nodeCount=15, ConflictIdSorter.graphTime=7750, ConflictIdSorter.topsortTime=7417, ConflictIdSorter.conflictIdCount=15, ConflictIdSorter.conflictIdCycleCount=0, ConflictResolver.totalTime=266084, ConflictResolver.conflictItemCount=15, DfDependencyCollector.collectTime=1127458, DfDependencyCollector.transformTime=352750}
[DEBUG] [en3.ContainerRunMojo] Resolved artifact and dependencies: [file:/Users/yeqilin/.m2/repository/org/codehaus/cargo/cargo-core-container-tomcat/1.10.10/cargo-core-container-tomcat-1.10.10.jar]
[INFO] [en3.ContainerRunMojo] Resolved container artifact org.codehaus.cargo:cargo-core-container-tomcat:jar:1.10.10 for container tomcat9x
[DEBUG] Scheduling deployable for deployment: [groupId [com.bulletinboard], artifactId [bulletin-board-system], type [war], location [null], pingURL [null]]
[DEBUG] Initial deployable values: groupId = [com.bulletinboard], artifactId = [bulletin-board-system], type = [war], location = [null]
[DEBUG] Searching for an artifact that matches [com.bulletinboard:bulletin-board-system:war:null]...
[DEBUG] Checking artifact [com.bulletinboard:bulletin-board-system:war:null]...
[DEBUG] Computed deployable values: groupId = [com.bulletinboard], artifactId = [bulletin-board-system], classifier = [null], type = [war], location = [/Users/yeqilin/專案/Bulletin Board/target/bulletin-board-system.war]
[DEBUG] Setting deployable property [context]:[/bulletin-board] for [/Users/yeqilin/專案/Bulletin Board/target/bulletin-board-system.war]
[DEBUG] Invoking setter method public synchronized void org.codehaus.cargo.container.deployable.WAR.setContext(java.lang.String) for deployable org.codehaus.cargo.container.tomcat.TomcatWAR[bulletin-board-system.war] with argument /bulletin-board
[INFO] [beddedLocalContainer] Tomcat 9.x Embedded starting...
[DEBUG] [neLocalConfiguration] Setting property [cargo.java.home] = [/opt/homebrew/Cellar/openjdk@11/11.0.27/libexec/openjdk.jdk/Contents/Home]
[DEBUG] [neLocalConfiguration] Searching properties for Resource definitions
[DEBUG] [neLocalConfiguration] Searching properties for DataSource definitions
[DEBUG] [neLocalConfiguration] Searching properties for User definition
[DEBUG] [neLocalConfiguration] Found User definition: value [admin::manager-script]
[DEBUG] [l.DefaultFileHandler] Deleted file [/Users/yeqilin/專案/Bulletin Board/target/cargo/configurations/tomcat9x/webapps/bulletin-board/META-INF/MANIFEST.MF]
[DEBUG] [l.DefaultFileHandler] Deleted file [/Users/yeqilin/專案/Bulletin Board/target/cargo/configurations/tomcat9x/webapps/bulletin-board/META-INF/maven/com.bulletinboard/bulletin-board-system/pom.xml]
[DEBUG] [l.DefaultFileHandler] Deleted file [/Users/yeqilin/專案/Bulletin Board/target/cargo/configurations/tomcat9x/webapps/bulletin-board/META-INF/maven/com.bulletinboard/bulletin-board-system/pom.properties]
[DEBUG] [l.DefaultFileHandler] Deleted file [/Users/yeqilin/專案/Bulletin Board/target/cargo/configurations/tomcat9x/webapps/bulletin-board/META-INF/maven/com.bulletinboard/bulletin-board-system]
[DEBUG] [l.DefaultFileHandler] Deleted file [/Users/yeqilin/專案/Bulletin Board/target/cargo/configurations/tomcat9x/webapps/bulletin-board/META-INF/maven/com.bulletinboard]
[DEBUG] [l.DefaultFileHandler] Deleted file [/Users/yeqilin/專案/Bulletin Board/target/cargo/configurations/tomcat9x/webapps/bulletin-board/META-INF/maven]
[DEBUG] [l.DefaultFileHandler] Deleted file [/Users/yeqilin/專案/Bulletin Board/target/cargo/configurations/tomcat9x/webapps/bulletin-board/META-INF]
[DEBUG] [l.DefaultFileHandler] Deleted file [/Users/yeqilin/專案/Bulletin Board/target/cargo/configurations/tomcat9x/webapps/bulletin-board/index.jsp]
[DEBUG] [l.DefaultFileHandler] Deleted file [/Users/yeqilin/專案/Bulletin Board/target/cargo/configurations/tomcat9x/webapps/bulletin-board/WEB-INF/classes/applicationContext.xml]
[DEBUG] [l.DefaultFileHandler] Deleted file [/Users/yeqilin/專案/Bulletin Board/target/cargo/configurations/tomcat9x/webapps/bulletin-board/WEB-INF/classes/hibernate.cfg.xml]
[DEBUG] [l.DefaultFileHandler] Deleted file [/Users/yeqilin/專案/Bulletin Board/target/cargo/configurations/tomcat9x/webapps/bulletin-board/WEB-INF/classes/com/bulletinboard/dao/impl/BulletinBoardDAOImpl.class]
[DEBUG] [l.DefaultFileHandler] Deleted file [/Users/yeqilin/專案/Bulletin Board/target/cargo/configurations/tomcat9x/webapps/bulletin-board/WEB-INF/classes/com/bulletinboard/dao/impl]
[DEBUG] [l.DefaultFileHandler] Deleted file [/Users/yeqilin/專案/Bulletin Board/target/cargo/configurations/tomcat9x/webapps/bulletin-board/WEB-INF/classes/com/bulletinboard/dao/BulletinBoardDAO.class]
[DEBUG] [l.DefaultFileHandler] Deleted file [/Users/yeqilin/專案/Bulletin Board/target/cargo/configurations/tomcat9x/webapps/bulletin-board/WEB-INF/classes/com/bulletinboard/dao]
[DEBUG] [l.DefaultFileHandler] Deleted file [/Users/yeqilin/專案/Bulletin Board/target/cargo/configurations/tomcat9x/webapps/bulletin-board/WEB-INF/classes/com/bulletinboard/controller/HomeController.class]
[DEBUG] [l.DefaultFileHandler] Deleted file [/Users/yeqilin/專案/Bulletin Board/target/cargo/configurations/tomcat9x/webapps/bulletin-board/WEB-INF/classes/com/bulletinboard/controller/BulletinBoardController.class]
[DEBUG] [l.DefaultFileHandler] Deleted file [/Users/yeqilin/專案/Bulletin Board/target/cargo/configurations/tomcat9x/webapps/bulletin-board/WEB-INF/classes/com/bulletinboard/controller]
[DEBUG] [l.DefaultFileHandler] Deleted file [/Users/yeqilin/專案/Bulletin Board/target/cargo/configurations/tomcat9x/webapps/bulletin-board/WEB-INF/classes/com/bulletinboard/model/BulletinBoard.class]
[DEBUG] [l.DefaultFileHandler] Deleted file [/Users/yeqilin/專案/Bulletin Board/target/cargo/configurations/tomcat9x/webapps/bulletin-board/WEB-INF/classes/com/bulletinboard/model]
[DEBUG] [l.DefaultFileHandler] Deleted file [/Users/yeqilin/專案/Bulletin Board/target/cargo/configurations/tomcat9x/webapps/bulletin-board/WEB-INF/classes/com/bulletinboard/service/impl/BulletinBoardServiceImpl.class]
[DEBUG] [l.DefaultFileHandler] Deleted file [/Users/yeqilin/專案/Bulletin Board/target/cargo/configurations/tomcat9x/webapps/bulletin-board/WEB-INF/classes/com/bulletinboard/service/impl]
[DEBUG] [l.DefaultFileHandler] Deleted file [/Users/yeqilin/專案/Bulletin Board/target/cargo/configurations/tomcat9x/webapps/bulletin-board/WEB-INF/classes/com/bulletinboard/service/BulletinBoardService.class]
[DEBUG] [l.DefaultFileHandler] Deleted file [/Users/yeqilin/專案/Bulletin Board/target/cargo/configurations/tomcat9x/webapps/bulletin-board/WEB-INF/classes/com/bulletinboard/service]
[DEBUG] [l.DefaultFileHandler] Deleted file [/Users/yeqilin/專案/Bulletin Board/target/cargo/configurations/tomcat9x/webapps/bulletin-board/WEB-INF/classes/com/bulletinboard/interceptor/LoggingInterceptor.class]
[DEBUG] [l.DefaultFileHandler] Deleted file [/Users/yeqilin/專案/Bulletin Board/target/cargo/configurations/tomcat9x/webapps/bulletin-board/WEB-INF/classes/com/bulletinboard/interceptor]
[DEBUG] [l.DefaultFileHandler] Deleted file [/Users/yeqilin/專案/Bulletin Board/target/cargo/configurations/tomcat9x/webapps/bulletin-board/WEB-INF/classes/com/bulletinboard]
[DEBUG] [l.DefaultFileHandler] Deleted file [/Users/yeqilin/專案/Bulletin Board/target/cargo/configurations/tomcat9x/webapps/bulletin-board/WEB-INF/classes/com]
[DEBUG] [l.DefaultFileHandler] Deleted file [/Users/yeqilin/專案/Bulletin Board/target/cargo/configurations/tomcat9x/webapps/bulletin-board/WEB-INF/classes]
[DEBUG] [l.DefaultFileHandler] Deleted file [/Users/yeqilin/專案/Bulletin Board/target/cargo/configurations/tomcat9x/webapps/bulletin-board/WEB-INF/dispatcher-servlet.xml]
[DEBUG] [l.DefaultFileHandler] Deleted file [/Users/yeqilin/專案/Bulletin Board/target/cargo/configurations/tomcat9x/webapps/bulletin-board/WEB-INF/lib/spring-web-5.3.21.jar]
[DEBUG] [l.DefaultFileHandler] Deleted file [/Users/yeqilin/專案/Bulletin Board/target/cargo/configurations/tomcat9x/webapps/bulletin-board/WEB-INF/lib/FastInfoset-1.2.15.jar]
[DEBUG] [l.DefaultFileHandler] Deleted file [/Users/yeqilin/專案/Bulletin Board/target/cargo/configurations/tomcat9x/webapps/bulletin-board/WEB-INF/lib/jboss-logging-3.4.3.Final.jar]
[DEBUG] [l.DefaultFileHandler] Deleted file [/Users/yeqilin/專案/Bulletin Board/target/cargo/configurations/tomcat9x/webapps/bulletin-board/WEB-INF/lib/hibernate-core-5.6.9.Final.jar]
[DEBUG] [l.DefaultFileHandler] Deleted file [/Users/yeqilin/專案/Bulletin Board/target/cargo/configurations/tomcat9x/webapps/bulletin-board/WEB-INF/lib/spring-core-5.3.21.jar]
[DEBUG] [l.DefaultFileHandler] Deleted file [/Users/yeqilin/專案/Bulletin Board/target/cargo/configurations/tomcat9x/webapps/bulletin-board/WEB-INF/lib/jaxb-runtime-2.3.1.jar]
[DEBUG] [l.DefaultFileHandler] Deleted file [/Users/yeqilin/專案/Bulletin Board/target/cargo/configurations/tomcat9x/webapps/bulletin-board/WEB-INF/lib/istack-commons-runtime-3.0.7.jar]
[DEBUG] [l.DefaultFileHandler] Deleted file [/Users/yeqilin/專案/Bulletin Board/target/cargo/configurations/tomcat9x/webapps/bulletin-board/WEB-INF/lib/jstl-1.2.jar]
[DEBUG] [l.DefaultFileHandler] Deleted file [/Users/yeqilin/專案/Bulletin Board/target/cargo/configurations/tomcat9x/webapps/bulletin-board/WEB-INF/lib/commons-io-2.11.0.jar]
[DEBUG] [l.DefaultFileHandler] Deleted file [/Users/yeqilin/專案/Bulletin Board/target/cargo/configurations/tomcat9x/webapps/bulletin-board/WEB-INF/lib/spring-context-5.3.21.jar]
[DEBUG] [l.DefaultFileHandler] Deleted file [/Users/yeqilin/專案/Bulletin Board/target/cargo/configurations/tomcat9x/webapps/bulletin-board/WEB-INF/lib/mchange-commons-java-0.2.19.jar]
[DEBUG] [l.DefaultFileHandler] Deleted file [/Users/yeqilin/專案/Bulletin Board/target/cargo/configurations/tomcat9x/webapps/bulletin-board/WEB-INF/lib/jboss-transaction-api_1.2_spec-1.1.1.Final.jar]
[DEBUG] [l.DefaultFileHandler] Deleted file [/Users/yeqilin/專案/Bulletin Board/target/cargo/configurations/tomcat9x/webapps/bulletin-board/WEB-INF/lib/javax.activation-api-1.2.0.jar]
[DEBUG] [l.DefaultFileHandler] Deleted file [/Users/yeqilin/專案/Bulletin Board/target/cargo/configurations/tomcat9x/webapps/bulletin-board/WEB-INF/lib/spring-jcl-5.3.21.jar]
[DEBUG] [l.DefaultFileHandler] Deleted file [/Users/yeqilin/專案/Bulletin Board/target/cargo/configurations/tomcat9x/webapps/bulletin-board/WEB-INF/lib/spring-beans-5.3.21.jar]
[DEBUG] [l.DefaultFileHandler] Deleted file [/Users/yeqilin/專案/Bulletin Board/target/cargo/configurations/tomcat9x/webapps/bulletin-board/WEB-INF/lib/commons-fileupload-1.4.jar]
[DEBUG] [l.DefaultFileHandler] Deleted file [/Users/yeqilin/專案/Bulletin Board/target/cargo/configurations/tomcat9x/webapps/bulletin-board/WEB-INF/lib/jackson-core-2.13.3.jar]
[DEBUG] [l.DefaultFileHandler] Deleted file [/Users/yeqilin/專案/Bulletin Board/target/cargo/configurations/tomcat9x/webapps/bulletin-board/WEB-INF/lib/classmate-1.5.1.jar]
[DEBUG] [l.DefaultFileHandler] Deleted file [/Users/yeqilin/專案/Bulletin Board/target/cargo/configurations/tomcat9x/webapps/bulletin-board/WEB-INF/lib/jandex-2.4.2.Final.jar]
[DEBUG] [l.DefaultFileHandler] Deleted file [/Users/yeqilin/專案/Bulletin Board/target/cargo/configurations/tomcat9x/webapps/bulletin-board/WEB-INF/lib/jaxb-api-2.3.1.jar]
[DEBUG] [l.DefaultFileHandler] Deleted file [/Users/yeqilin/專案/Bulletin Board/target/cargo/configurations/tomcat9x/webapps/bulletin-board/WEB-INF/lib/javax.persistence-api-2.2.jar]
[DEBUG] [l.DefaultFileHandler] Deleted file [/Users/yeqilin/專案/Bulletin Board/target/cargo/configurations/tomcat9x/webapps/bulletin-board/WEB-INF/lib/spring-aop-5.3.21.jar]
[DEBUG] [l.DefaultFileHandler] Deleted file [/Users/yeqilin/專案/Bulletin Board/target/cargo/configurations/tomcat9x/webapps/bulletin-board/WEB-INF/lib/spring-jdbc-5.3.21.jar]
[DEBUG] [l.DefaultFileHandler] Deleted file [/Users/yeqilin/專案/Bulletin Board/target/cargo/configurations/tomcat9x/webapps/bulletin-board/WEB-INF/lib/stax-ex-1.8.jar]
[DEBUG] [l.DefaultFileHandler] Deleted file [/Users/yeqilin/專案/Bulletin Board/target/cargo/configurations/tomcat9x/webapps/bulletin-board/WEB-INF/lib/jackson-databind-2.13.3.jar]
[DEBUG] [l.DefaultFileHandler] Deleted file [/Users/yeqilin/專案/Bulletin Board/target/cargo/configurations/tomcat9x/webapps/bulletin-board/WEB-INF/lib/jackson-annotations-2.13.3.jar]
[DEBUG] [l.DefaultFileHandler] Deleted file [/Users/yeqilin/專案/Bulletin Board/target/cargo/configurations/tomcat9x/webapps/bulletin-board/WEB-INF/lib/c3p0-0.9.5.5.jar]
[DEBUG] [l.DefaultFileHandler] Deleted file [/Users/yeqilin/專案/Bulletin Board/target/cargo/configurations/tomcat9x/webapps/bulletin-board/WEB-INF/lib/spring-expression-5.3.21.jar]
[DEBUG] [l.DefaultFileHandler] Deleted file [/Users/yeqilin/專案/Bulletin Board/target/cargo/configurations/tomcat9x/webapps/bulletin-board/WEB-INF/lib/hibernate-commons-annotations-5.1.2.Final.jar]
[DEBUG] [l.DefaultFileHandler] Deleted file [/Users/yeqilin/專案/Bulletin Board/target/cargo/configurations/tomcat9x/webapps/bulletin-board/WEB-INF/lib/mysql-connector-java-8.0.29.jar]
[DEBUG] [l.DefaultFileHandler] Deleted file [/Users/yeqilin/專案/Bulletin Board/target/cargo/configurations/tomcat9x/webapps/bulletin-board/WEB-INF/lib/spring-webmvc-5.3.21.jar]
[DEBUG] [l.DefaultFileHandler] Deleted file [/Users/yeqilin/專案/Bulletin Board/target/cargo/configurations/tomcat9x/webapps/bulletin-board/WEB-INF/lib/antlr-2.7.7.jar]
[DEBUG] [l.DefaultFileHandler] Deleted file [/Users/yeqilin/專案/Bulletin Board/target/cargo/configurations/tomcat9x/webapps/bulletin-board/WEB-INF/lib/byte-buddy-1.12.9.jar]
[DEBUG] [l.DefaultFileHandler] Deleted file [/Users/yeqilin/專案/Bulletin Board/target/cargo/configurations/tomcat9x/webapps/bulletin-board/WEB-INF/lib/protobuf-java-3.19.4.jar]
[DEBUG] [l.DefaultFileHandler] Deleted file [/Users/yeqilin/專案/Bulletin Board/target/cargo/configurations/tomcat9x/webapps/bulletin-board/WEB-INF/lib/spring-orm-5.3.21.jar]
[DEBUG] [l.DefaultFileHandler] Deleted file [/Users/yeqilin/專案/Bulletin Board/target/cargo/configurations/tomcat9x/webapps/bulletin-board/WEB-INF/lib/spring-tx-5.3.21.jar]
[DEBUG] [l.DefaultFileHandler] Deleted file [/Users/yeqilin/專案/Bulletin Board/target/cargo/configurations/tomcat9x/webapps/bulletin-board/WEB-INF/lib/txw2-2.3.1.jar]
[DEBUG] [l.DefaultFileHandler] Deleted file [/Users/yeqilin/專案/Bulletin Board/target/cargo/configurations/tomcat9x/webapps/bulletin-board/WEB-INF/lib]
[DEBUG] [l.DefaultFileHandler] Deleted file [/Users/yeqilin/專案/Bulletin Board/target/cargo/configurations/tomcat9x/webapps/bulletin-board/WEB-INF/web.xml]
[DEBUG] [l.DefaultFileHandler] Deleted file [/Users/yeqilin/專案/Bulletin Board/target/cargo/configurations/tomcat9x/webapps/bulletin-board/WEB-INF/views/test.jsp]
[DEBUG] [l.DefaultFileHandler] Deleted file [/Users/yeqilin/專案/Bulletin Board/target/cargo/configurations/tomcat9x/webapps/bulletin-board/WEB-INF/views/index.jsp]
[DEBUG] [l.DefaultFileHandler] Deleted file [/Users/yeqilin/專案/Bulletin Board/target/cargo/configurations/tomcat9x/webapps/bulletin-board/WEB-INF/views/error/404.jsp]
[DEBUG] [l.DefaultFileHandler] Deleted file [/Users/yeqilin/專案/Bulletin Board/target/cargo/configurations/tomcat9x/webapps/bulletin-board/WEB-INF/views/error/500.jsp]
[DEBUG] [l.DefaultFileHandler] Deleted file [/Users/yeqilin/專案/Bulletin Board/target/cargo/configurations/tomcat9x/webapps/bulletin-board/WEB-INF/views/error]
[DEBUG] [l.DefaultFileHandler] Deleted file [/Users/yeqilin/專案/Bulletin Board/target/cargo/configurations/tomcat9x/webapps/bulletin-board/WEB-INF/views/bulletin/view.jsp]
[DEBUG] [l.DefaultFileHandler] Deleted file [/Users/yeqilin/專案/Bulletin Board/target/cargo/configurations/tomcat9x/webapps/bulletin-board/WEB-INF/views/bulletin/form.jsp]
[DEBUG] [l.DefaultFileHandler] Deleted file [/Users/yeqilin/專案/Bulletin Board/target/cargo/configurations/tomcat9x/webapps/bulletin-board/WEB-INF/views/bulletin/list.jsp]
[DEBUG] [l.DefaultFileHandler] Deleted file [/Users/yeqilin/專案/Bulletin Board/target/cargo/configurations/tomcat9x/webapps/bulletin-board/WEB-INF/views/bulletin]
[DEBUG] [l.DefaultFileHandler] Deleted file [/Users/yeqilin/專案/Bulletin Board/target/cargo/configurations/tomcat9x/webapps/bulletin-board/WEB-INF/views]
[DEBUG] [l.DefaultFileHandler] Deleted file [/Users/yeqilin/專案/Bulletin Board/target/cargo/configurations/tomcat9x/webapps/bulletin-board/WEB-INF]
[DEBUG] [l.DefaultFileHandler] Deleted file [/Users/yeqilin/專案/Bulletin Board/target/cargo/configurations/tomcat9x/webapps/bulletin-board]
[DEBUG] [l.DefaultFileHandler] Deleted file [/Users/yeqilin/專案/Bulletin Board/target/cargo/configurations/tomcat9x/webapps]
[DEBUG] [l.DefaultFileHandler] Deleted file [/Users/yeqilin/專案/Bulletin Board/target/cargo/configurations/tomcat9x/temp]
[DEBUG] [l.DefaultFileHandler] Deleted file [/Users/yeqilin/專案/Bulletin Board/target/cargo/configurations/tomcat9x/shared/classes]
[DEBUG] [l.DefaultFileHandler] Deleted file [/Users/yeqilin/專案/Bulletin Board/target/cargo/configurations/tomcat9x/shared/lib]
[DEBUG] [l.DefaultFileHandler] Deleted file [/Users/yeqilin/專案/Bulletin Board/target/cargo/configurations/tomcat9x/shared]
[DEBUG] [l.DefaultFileHandler] Deleted file [/Users/yeqilin/專案/Bulletin Board/target/cargo/configurations/tomcat9x/.cargo]
[DEBUG] [l.DefaultFileHandler] Deleted file [/Users/yeqilin/專案/Bulletin Board/target/cargo/configurations/tomcat9x/common/classes]
[DEBUG] [l.DefaultFileHandler] Deleted file [/Users/yeqilin/專案/Bulletin Board/target/cargo/configurations/tomcat9x/common/lib]
[DEBUG] [l.DefaultFileHandler] Deleted file [/Users/yeqilin/專案/Bulletin Board/target/cargo/configurations/tomcat9x/common]
[DEBUG] [l.DefaultFileHandler] Deleted file [/Users/yeqilin/專案/Bulletin Board/target/cargo/configurations/tomcat9x/logs]
[DEBUG] [l.DefaultFileHandler] Deleted file [/Users/yeqilin/專案/Bulletin Board/target/cargo/configurations/tomcat9x/work/Tomcat/localhost/bulletin-board/org/apache/jsp/index_jsp.class]
[DEBUG] [l.DefaultFileHandler] Deleted file [/Users/yeqilin/專案/Bulletin Board/target/cargo/configurations/tomcat9x/work/Tomcat/localhost/bulletin-board/org/apache/jsp/index_jsp.java]
[DEBUG] [l.DefaultFileHandler] Deleted file [/Users/yeqilin/專案/Bulletin Board/target/cargo/configurations/tomcat9x/work/Tomcat/localhost/bulletin-board/org/apache/jsp/WEB_002dINF/views/test_jsp.class]
[DEBUG] [l.DefaultFileHandler] Deleted file [/Users/yeqilin/專案/Bulletin Board/target/cargo/configurations/tomcat9x/work/Tomcat/localhost/bulletin-board/org/apache/jsp/WEB_002dINF/views/test_jsp.java]
[DEBUG] [l.DefaultFileHandler] Deleted file [/Users/yeqilin/專案/Bulletin Board/target/cargo/configurations/tomcat9x/work/Tomcat/localhost/bulletin-board/org/apache/jsp/WEB_002dINF/views/error/_500_jsp.class]
[DEBUG] [l.DefaultFileHandler] Deleted file [/Users/yeqilin/專案/Bulletin Board/target/cargo/configurations/tomcat9x/work/Tomcat/localhost/bulletin-board/org/apache/jsp/WEB_002dINF/views/error/_500_jsp.java]
[DEBUG] [l.DefaultFileHandler] Deleted file [/Users/yeqilin/專案/Bulletin Board/target/cargo/configurations/tomcat9x/work/Tomcat/localhost/bulletin-board/org/apache/jsp/WEB_002dINF/views/error]
[DEBUG] [l.DefaultFileHandler] Deleted file [/Users/yeqilin/專案/Bulletin Board/target/cargo/configurations/tomcat9x/work/Tomcat/localhost/bulletin-board/org/apache/jsp/WEB_002dINF/views/bulletin/list_jsp.java]
[DEBUG] [l.DefaultFileHandler] Deleted file [/Users/yeqilin/專案/Bulletin Board/target/cargo/configurations/tomcat9x/work/Tomcat/localhost/bulletin-board/org/apache/jsp/WEB_002dINF/views/bulletin]
[DEBUG] [l.DefaultFileHandler] Deleted file [/Users/yeqilin/專案/Bulletin Board/target/cargo/configurations/tomcat9x/work/Tomcat/localhost/bulletin-board/org/apache/jsp/WEB_002dINF/views]
[DEBUG] [l.DefaultFileHandler] Deleted file [/Users/yeqilin/專案/Bulletin Board/target/cargo/configurations/tomcat9x/work/Tomcat/localhost/bulletin-board/org/apache/jsp/WEB_002dINF]
[DEBUG] [l.DefaultFileHandler] Deleted file [/Users/yeqilin/專案/Bulletin Board/target/cargo/configurations/tomcat9x/work/Tomcat/localhost/bulletin-board/org/apache/jsp]
[DEBUG] [l.DefaultFileHandler] Deleted file [/Users/yeqilin/專案/Bulletin Board/target/cargo/configurations/tomcat9x/work/Tomcat/localhost/bulletin-board/org/apache]
[DEBUG] [l.DefaultFileHandler] Deleted file [/Users/yeqilin/專案/Bulletin Board/target/cargo/configurations/tomcat9x/work/Tomcat/localhost/bulletin-board/org]
[DEBUG] [l.DefaultFileHandler] Deleted file [/Users/yeqilin/專案/Bulletin Board/target/cargo/configurations/tomcat9x/work/Tomcat/localhost/bulletin-board/SESSIONS.ser]
[DEBUG] [l.DefaultFileHandler] Deleted file [/Users/yeqilin/專案/Bulletin Board/target/cargo/configurations/tomcat9x/work/Tomcat/localhost/bulletin-board]
[DEBUG] [l.DefaultFileHandler] Deleted file [/Users/yeqilin/專案/Bulletin Board/target/cargo/configurations/tomcat9x/work/Tomcat/localhost]
[DEBUG] [l.DefaultFileHandler] Deleted file [/Users/yeqilin/專案/Bulletin Board/target/cargo/configurations/tomcat9x/work/Tomcat]
[DEBUG] [l.DefaultFileHandler] Deleted file [/Users/yeqilin/專案/Bulletin Board/target/cargo/configurations/tomcat9x/work]
[DEBUG] [l.DefaultFileHandler] Deleted file [/Users/yeqilin/專案/Bulletin Board/target/cargo/configurations/tomcat9x/conf/logging.properties]
[DEBUG] [l.DefaultFileHandler] Deleted file [/Users/yeqilin/專案/Bulletin Board/target/cargo/configurations/tomcat9x/conf/tomcat-users.xml]
[DEBUG] [l.DefaultFileHandler] Deleted file [/Users/yeqilin/專案/Bulletin Board/target/cargo/configurations/tomcat9x/conf/context.xml]
[DEBUG] [l.DefaultFileHandler] Deleted file [/Users/yeqilin/專案/Bulletin Board/target/cargo/configurations/tomcat9x/conf/web.xml]
[DEBUG] [l.DefaultFileHandler] Deleted file [/Users/yeqilin/專案/Bulletin Board/target/cargo/configurations/tomcat9x/conf]
[DEBUG] [l.DefaultFileHandler] Deleted file [/Users/yeqilin/專案/Bulletin Board/target/cargo/configurations/tomcat9x]
[DEBUG] [l.DefaultFileHandler] Creating directory [/Users/yeqilin/專案/Bulletin Board/target/cargo/configurations/tomcat9x] and parents
[DEBUG] [l.DefaultFileHandler] Creating directory [/Users/yeqilin/專案/Bulletin Board/target/cargo/configurations/tomcat9x/conf] and parents
[DEBUG] [l.DefaultFileHandler] Creating directory [/Users/yeqilin/專案/Bulletin Board/target/cargo/configurations/tomcat9x/temp] and parents
[DEBUG] [l.DefaultFileHandler] Creating directory [/Users/yeqilin/專案/Bulletin Board/target/cargo/configurations/tomcat9x/logs] and parents
[DEBUG] [l.DefaultFileHandler] Directory [/Users/yeqilin/專案/Bulletin Board/target/cargo/configurations/tomcat9x/conf] exists
[DEBUG] [l.DefaultFileHandler] Wrote text file [/Users/yeqilin/專案/Bulletin Board/target/cargo/configurations/tomcat9x/conf/web.xml], encoding UTF-8
[DEBUG] [l.DefaultFileHandler] Directory [/Users/yeqilin/專案/Bulletin Board/target/cargo/configurations/tomcat9x/conf] exists
[DEBUG] [l.DefaultFileHandler] Wrote text file [/Users/yeqilin/專案/Bulletin Board/target/cargo/configurations/tomcat9x/conf/tomcat-users.xml], encoding UTF-8
[DEBUG] [l.DefaultFileHandler] Directory [/Users/yeqilin/專案/Bulletin Board/target/cargo/configurations/tomcat9x/conf] exists
[DEBUG] [l.DefaultFileHandler] Wrote text file [/Users/yeqilin/專案/Bulletin Board/target/cargo/configurations/tomcat9x/conf/logging.properties], encoding ISO-8859-1
[DEBUG] [l.DefaultFileHandler] Directory [/Users/yeqilin/專案/Bulletin Board/target/cargo/configurations/tomcat9x/conf] exists
[DEBUG] [l.DefaultFileHandler] Wrote text file [/Users/yeqilin/專案/Bulletin Board/target/cargo/configurations/tomcat9x/conf/context.xml], encoding UTF-8
[DEBUG] [l.DefaultFileHandler] Creating directory [/Users/yeqilin/專案/Bulletin Board/target/cargo/configurations/tomcat9x/webapps] and parents
[DEBUG] [l.DefaultFileHandler] Creating directory [/Users/yeqilin/專案/Bulletin Board/target/cargo/configurations/tomcat9x/common/classes] and parents
[DEBUG] [l.DefaultFileHandler] Creating directory [/Users/yeqilin/專案/Bulletin Board/target/cargo/configurations/tomcat9x/shared/classes] and parents
[DEBUG] [l.DefaultFileHandler] Creating directory [/Users/yeqilin/專案/Bulletin Board/target/cargo/configurations/tomcat9x/shared/lib] and parents
[DEBUG] [l.DefaultFileHandler] Creating directory [/Users/yeqilin/專案/Bulletin Board/target/cargo/configurations/tomcat9x/common/lib] and parents
[DEBUG] [beddedLocalContainer] Port 8205 closed
[DEBUG] [beddedLocalContainer] Port 8080 closed
[DEBUG] [beddedLocalContainer] Port 8009 closed
7月 29, 2025 2:49:51 上午 org.apache.coyote.AbstractProtocol init
資訊: Initializing ProtocolHandler ["http-nio-8080"]
7月 29, 2025 2:49:51 上午 org.apache.catalina.util.LifecycleBase handleSubClassException
嚴重: Failed to initialize component [Connector["http-nio-8080"]]
org.apache.catalina.LifecycleException: Protocol handler initialization failed
	at org.apache.catalina.connector.Connector.initInternal(Connector.java:1011)
	at org.apache.catalina.util.LifecycleBase.init(LifecycleBase.java:127)
	at org.apache.catalina.core.StandardService.initInternal(StandardService.java:554)
	at org.apache.catalina.util.LifecycleBase.init(LifecycleBase.java:127)
	at org.apache.catalina.core.StandardServer.initInternal(StandardServer.java:1040)
	at org.apache.catalina.util.LifecycleBase.init(LifecycleBase.java:127)
	at org.apache.catalina.util.LifecycleBase.start(LifecycleBase.java:161)
	at org.apache.catalina.startup.Tomcat.start(Tomcat.java:486)
	at java.base/jdk.internal.reflect.NativeMethodAccessorImpl.invoke0(Native Method)
	at java.base/jdk.internal.reflect.NativeMethodAccessorImpl.invoke(NativeMethodAccessorImpl.java:62)
	at java.base/jdk.internal.reflect.DelegatingMethodAccessorImpl.invoke(DelegatingMethodAccessorImpl.java:43)
	at java.base/java.lang.reflect.Method.invoke(Method.java:566)
	at org.codehaus.cargo.container.tomcat.internal.TomcatEmbedded$Wrapper.invoke(TomcatEmbedded.java:461)
	at org.codehaus.cargo.container.tomcat.internal.TomcatEmbedded$Wrapper.invoke(TomcatEmbedded.java:395)
	at org.codehaus.cargo.container.tomcat.internal.TomcatEmbedded$Embedded.start(TomcatEmbedded.java:666)
	at org.codehaus.cargo.container.tomcat.internal.AbstractCatalinaEmbeddedLocalContainer.doStart(AbstractCatalinaEmbeddedLocalContainer.java:181)
	at org.codehaus.cargo.container.spi.AbstractEmbeddedLocalContainer.startInternal(AbstractEmbeddedLocalContainer.java:78)
	at org.codehaus.cargo.container.spi.AbstractLocalContainer.start(AbstractLocalContainer.java:231)
	at org.codehaus.cargo.maven3.ContainerStartMojo.executeLocalContainerAction(ContainerStartMojo.java:83)
	at org.codehaus.cargo.maven3.ContainerRunMojo.doExecute(ContainerRunMojo.java:117)
	at org.codehaus.cargo.maven3.AbstractCargoMojo.execute(AbstractCargoMojo.java:459)
	at org.apache.maven.plugin.DefaultBuildPluginManager.executeMojo(DefaultBuildPluginManager.java:126)
	at org.apache.maven.lifecycle.internal.MojoExecutor.doExecute2(MojoExecutor.java:328)
	at org.apache.maven.lifecycle.internal.MojoExecutor.doExecute(MojoExecutor.java:316)
	at org.apache.maven.lifecycle.internal.MojoExecutor.execute(MojoExecutor.java:212)
	at org.apache.maven.lifecycle.internal.MojoExecutor.execute(MojoExecutor.java:174)
	at org.apache.maven.lifecycle.internal.MojoExecutor.access$000(MojoExecutor.java:75)
	at org.apache.maven.lifecycle.internal.MojoExecutor$1.run(MojoExecutor.java:162)
	at org.apache.maven.plugin.DefaultMojosExecutionStrategy.execute(DefaultMojosExecutionStrategy.java:39)
	at org.apache.maven.lifecycle.internal.MojoExecutor.execute(MojoExecutor.java:159)
	at org.apache.maven.lifecycle.internal.LifecycleModuleBuilder.buildProject(LifecycleModuleBuilder.java:105)
	at org.apache.maven.lifecycle.internal.LifecycleModuleBuilder.buildProject(LifecycleModuleBuilder.java:73)
	at org.apache.maven.lifecycle.internal.builder.singlethreaded.SingleThreadedBuilder.build(SingleThreadedBuilder.java:53)
	at org.apache.maven.lifecycle.internal.LifecycleStarter.execute(LifecycleStarter.java:118)
	at org.apache.maven.DefaultMaven.doExecute(DefaultMaven.java:261)
	at org.apache.maven.DefaultMaven.doExecute(DefaultMaven.java:173)
	at org.apache.maven.DefaultMaven.execute(DefaultMaven.java:101)
	at org.apache.maven.cli.MavenCli.execute(MavenCli.java:906)
	at org.apache.maven.cli.MavenCli.doMain(MavenCli.java:283)
	at org.apache.maven.cli.MavenCli.main(MavenCli.java:206)
	at java.base/jdk.internal.reflect.NativeMethodAccessorImpl.invoke0(Native Method)
	at java.base/jdk.internal.reflect.NativeMethodAccessorImpl.invoke(NativeMethodAccessorImpl.java:62)
	at java.base/jdk.internal.reflect.DelegatingMethodAccessorImpl.invoke(DelegatingMethodAccessorImpl.java:43)
	at java.base/java.lang.reflect.Method.invoke(Method.java:566)
	at org.codehaus.plexus.classworlds.launcher.Launcher.launchEnhanced(Launcher.java:255)
	at org.codehaus.plexus.classworlds.launcher.Launcher.launch(Launcher.java:201)
	at org.codehaus.plexus.classworlds.launcher.Launcher.mainWithExitCode(Launcher.java:361)
	at org.codehaus.plexus.classworlds.launcher.Launcher.main(Launcher.java:314)
Caused by: java.net.BindException: Address already in use
	at java.base/sun.nio.ch.Net.bind0(Native Method)
	at java.base/sun.nio.ch.Net.bind(Net.java:459)
	at java.base/sun.nio.ch.Net.bind(Net.java:448)
	at java.base/sun.nio.ch.ServerSocketChannelImpl.bind(ServerSocketChannelImpl.java:227)
	at org.apache.tomcat.util.net.NioEndpoint.initServerSocket(NioEndpoint.java:276)
	at org.apache.tomcat.util.net.NioEndpoint.bind(NioEndpoint.java:231)
	at org.apache.tomcat.util.net.AbstractEndpoint.bindWithCleanup(AbstractEndpoint.java:1324)
	at org.apache.tomcat.util.net.AbstractEndpoint.init(AbstractEndpoint.java:1337)
	at org.apache.coyote.AbstractProtocol.init(AbstractProtocol.java:652)
	at org.apache.coyote.http11.AbstractHttp11Protocol.init(AbstractHttp11Protocol.java:75)
	at org.apache.catalina.connector.Connector.initInternal(Connector.java:1009)
	... 47 more

7月 29, 2025 2:49:51 上午 org.apache.catalina.core.StandardService startInternal
資訊: Starting service [Tomcat]
7月 29, 2025 2:49:51 上午 org.apache.catalina.core.StandardEngine startInternal
資訊: Starting Servlet engine: [Apache Tomcat/9.0.80]
7月 29, 2025 2:49:51 上午 org.apache.catalina.startup.ContextConfig getDefaultWebXmlFragment
資訊: No global web.xml found
7月 29, 2025 2:49:52 上午 org.apache.jasper.servlet.TldScanner scanJars
資訊: At least one JAR was scanned for TLDs yet contained no TLDs. Enable debug logging for this logger for a complete list of JARs that were scanned but no TLDs were found in them. Skipping unneeded JARs during scanning can improve startup time and JSP compilation time.
7月 29, 2025 2:49:52 上午 org.apache.catalina.core.ApplicationContext log
資訊: No Spring WebApplicationInitializer types detected on classpath
7月 29, 2025 2:49:52 上午 org.apache.catalina.core.ApplicationContext log
資訊: Initializing Spring root WebApplicationContext
7月 29, 2025 2:49:52 上午 org.springframework.web.context.ContextLoader initWebApplicationContext
資訊: Root WebApplicationContext: initialization started
7月 29, 2025 2:49:52 上午 com.mchange.v2.log.MLog 
資訊: MLog clients using java 1.4+ standard logging.
7月 29, 2025 2:49:52 上午 com.mchange.v2.c3p0.C3P0Registry 
資訊: Initializing c3p0-0.9.5.5 [built 11-December-2019 22:18:33 -0800; debug? true; trace: 10]
7月 29, 2025 2:49:52 上午 org.hibernate.Version logVersion
INFO: HHH000412: Hibernate ORM core version 5.6.9.Final
7月 29, 2025 2:49:52 上午 org.hibernate.annotations.common.reflection.java.JavaReflectionManager <clinit>
INFO: HCANN000001: Hibernate Commons Annotations {5.1.2.Final}
7月 29, 2025 2:49:52 上午 com.mchange.v2.c3p0.impl.AbstractPoolBackedDataSource 
資訊: Initializing c3p0 pool... com.mchange.v2.c3p0.ComboPooledDataSource [ acquireIncrement -> 1, acquireRetryAttempts -> 30, acquireRetryDelay -> 1000, autoCommitOnClose -> false, automaticTestTable -> null, breakAfterAcquireFailure -> false, checkoutTimeout -> 0, connectionCustomizerClassName -> null, connectionTesterClassName -> com.mchange.v2.c3p0.impl.DefaultConnectionTester, contextClassLoaderSource -> caller, dataSourceName -> z8kfltbcmuroeqvtt9cc|2d5fd52e, debugUnreturnedConnectionStackTraces -> false, description -> null, driverClass -> com.mysql.cj.jdbc.Driver, extensions -> {}, factoryClassLocation -> null, forceIgnoreUnresolvedTransactions -> false, forceSynchronousCheckins -> false, forceUseNamedDriverClass -> false, identityToken -> z8kfltbcmuroeqvtt9cc|2d5fd52e, idleConnectionTestPeriod -> 3000, initialPoolSize -> 3, jdbcUrl -> jdbc:mysql://localhost:3306/bulletin_board_system?useUnicode=true&characterEncoding=UTF-8&serverTimezone=Asia/Taipei, maxAdministrativeTaskTime -> 0, maxConnectionAge -> 0, maxIdleTime -> 300, maxIdleTimeExcessConnections -> 0, maxPoolSize -> 20, maxStatements -> 50, maxStatementsPerConnection -> 0, minPoolSize -> 5, numHelperThreads -> 3, preferredTestQuery -> null, privilegeSpawnedThreads -> false, properties -> {password=******, user=******}, propertyCycle -> 0, statementCacheNumDeferredCloseThreads -> 0, testConnectionOnCheckin -> false, testConnectionOnCheckout -> false, unreturnedConnectionTimeout -> 0, userOverrides -> {}, usesTraditionalReflectiveProxies -> false ]
7月 29, 2025 2:49:52 上午 com.mchange.v2.resourcepool.BasicResourcePool 
警告: Bad pool size config, start 3 < min 5. Using 5 as start.
7月 29, 2025 2:49:52 上午 org.hibernate.dialect.Dialect <init>
INFO: HHH000400: Using dialect: org.hibernate.dialect.MySQL8Dialect
7月 29, 2025 2:49:53 上午 org.hibernate.engine.transaction.jta.platform.internal.JtaPlatformInitiator initiateService
INFO: HHH000490: Using JtaPlatform implementation: [org.hibernate.engine.transaction.jta.platform.internal.NoJtaPlatform]
7月 29, 2025 2:49:53 上午 org.springframework.web.context.ContextLoader initWebApplicationContext
資訊: Root WebApplicationContext initialized in 1056 ms
7月 29, 2025 2:49:53 上午 org.apache.catalina.core.ApplicationContext log
資訊: Initializing Spring DispatcherServlet 'dispatcher'
7月 29, 2025 2:49:53 上午 org.springframework.web.servlet.FrameworkServlet initServletBean
資訊: Initializing Servlet 'dispatcher'
7月 29, 2025 2:49:53 上午 org.springframework.web.servlet.FrameworkServlet initServletBean
資訊: Completed initialization in 238 ms
[INFO] [beddedLocalContainer] Tomcat 9.x Embedded started on port [8080]
[INFO] Press Ctrl-C to stop the container...
[INFO] [beddedLocalContainer] Tomcat 9.x Embedded is stopping...
WARNING: An illegal reflective access operation has occurred
WARNING: Illegal reflective access by org.apache.catalina.loader.WebappClassLoaderBase (file:/Users/yeqilin/.m2/repository/org/apache/tomcat/tomcat-catalina/9.0.80/tomcat-catalina-9.0.80.jar) to field java.io.ObjectStreamClass$Caches.localDescs
WARNING: Please consider reporting this to the maintainers of org.apache.catalina.loader.WebappClassLoaderBase
WARNING: Use --illegal-access=warn to enable warnings of further illegal reflective access operations
WARNING: All illegal access operations will be denied in a future release
[DEBUG] [beddedLocalContainer] Waiting for port 8205 to shutdown, deadline 1753728905845
[DEBUG] [beddedLocalContainer] Port 8205 closed
[DEBUG] [beddedLocalContainer] Port 8205 is shutdown
[DEBUG] [beddedLocalContainer] Waiting for port 8080 to shutdown, deadline 1753728905845
[DEBUG] [beddedLocalContainer] Port 8080 closed
[DEBUG] [beddedLocalContainer] Port 8080 is shutdown
[DEBUG] [beddedLocalContainer] Waiting for port 8009 to shutdown, deadline 1753728905845
[DEBUG] [beddedLocalContainer] Port 8009 closed
[DEBUG] [beddedLocalContainer] Port 8009 is shutdown
[INFO] [beddedLocalContainer] Tomcat 9.x Embedded is stopped
